<?xml version="1.0" encoding="UTF-8"?>
<testsuite name="org.example.service.security.SecurityServiceTest" tests="2" skipped="0" failures="0" errors="0" timestamp="2024-03-31T15:59:44" hostname="ROBERT-NOTEBOOK" time="0.057">
  <properties/>
  <testcase name="register()" classname="org.example.service.security.SecurityServiceTest" time="0.042"/>
  <testcase name="login()" classname="org.example.service.security.SecurityServiceTest" time="0.015"/>
  <system-out><![CDATA[]]></system-out>
  <system-err><![CDATA[]]></system-err>
</testsuite>
